{"C:\\Users\\asusc\\assetguard-uce\\services\\inventory-service\\src\\database.ts": {"path":"C:\\Users\\asusc\\assetguard-uce\\services\\inventory-service\\src\\database.ts","statementMap":{"0":{"start":{"line":1,"column":0},"end":{"line":1,"column":26}},"1":{"start":{"line":2,"column":0},"end":{"line":2,"column":37}},"2":{"start":{"line":3,"column":0},"end":{"line":3,"column":39}},"3":{"start":{"line":5,"column":13},"end":{"line":15,"column":3}}},"fnMap":{},"branchMap":{},"s":{"0":1,"1":1,"2":1,"3":1},"f":{},"b":{}}
,"C:\\Users\\asusc\\assetguard-uce\\services\\inventory-service\\src\\application\\inventory.service.ts": {"path":"C:\\Users\\asusc\\assetguard-uce\\services\\inventory-service\\src\\application\\inventory.service.ts","statementMap":{"0":{"start":{"line":1,"column":0},"end":{"line":1,"column":77}},"1":{"start":{"line":2,"column":0},"end":{"line":2,"column":40}},"2":{"start":{"line":5,"column":32},"end":{"line":5,"column":57}},"3":{"start":{"line":9,"column":4},"end":{"line":9,"column":52}},"4":{"start":{"line":13,"column":18},"end":{"line":13,"column":29}},"5":{"start":{"line":14,"column":4},"end":{"line":14,"column":27}},"6":{"start":{"line":15,"column":4},"end":{"line":15,"column":41}},"7":{"start":{"line":16,"column":4},"end":{"line":16,"column":31}},"8":{"start":{"line":18,"column":4},"end":{"line":18,"column":54}},"9":{"start":{"line":4,"column":0},"end":{"line":4,"column":13}}},"fnMap":{"0":{"name":"(anonymous_0)","decl":{"start":{"line":8,"column":2},"end":{"line":8,"column":7}},"loc":{"start":{"line":8,"column":14},"end":{"line":10,"column":3}}},"1":{"name":"(anonymous_1)","decl":{"start":{"line":12,"column":2},"end":{"line":12,"column":7}},"loc":{"start":{"line":12,"column":24},"end":{"line":19,"column":3}}}},"branchMap":{},"s":{"0":1,"1":1,"2":2,"3":1,"4":0,"5":0,"6":0,"7":0,"8":0,"9":1},"f":{"0":1,"1":0},"b":{}}
,"C:\\Users\\asusc\\assetguard-uce\\services\\inventory-service\\src\\domain\\asset.ts": {"path":"C:\\Users\\asusc\\assetguard-uce\\services\\inventory-service\\src\\domain\\asset.ts","statementMap":{"0":{"start":{"line":1,"column":0},"end":{"line":1,"column":65}},"1":{"start":{"line":4,"column":7},"end":{"line":16,"column":null}},"2":{"start":{"line":4,"column":13},"end":{"line":4,"column":18}},"3":{"start":{"line":6,"column":4},"end":{"line":6,"column":null}},"4":{"start":{"line":9,"column":4},"end":{"line":9,"column":null}},"5":{"start":{"line":12,"column":4},"end":{"line":12,"column":null}},"6":{"start":{"line":15,"column":4},"end":{"line":15,"column":null}},"7":{"start":{"line":4,"column":13},"end":{"line":16,"column":null}}},"fnMap":{},"branchMap":{},"s":{"0":2,"1":2,"2":2,"3":2,"4":2,"5":2,"6":2,"7":2},"f":{},"b":{}}
,"C:\\Users\\asusc\\assetguard-uce\\services\\inventory-service\\src\\infrastructure\\inventory.repository.ts": {"path":"C:\\Users\\asusc\\assetguard-uce\\services\\inventory-service\\src\\infrastructure\\inventory.repository.ts","statementMap":{"0":{"start":{"line":1,"column":0},"end":{"line":1,"column":44}},"1":{"start":{"line":2,"column":0},"end":{"line":2,"column":40}},"2":{"start":{"line":5,"column":23},"end":{"line":5,"column":57}},"3":{"start":{"line":8,"column":4},"end":{"line":8,"column":40}},"4":{"start":{"line":12,"column":4},"end":{"line":12,"column":45}},"5":{"start":{"line":16,"column":2},"end":{"line":16,"column":41}},"6":{"start":{"line":20,"column":2},"end":{"line":20,"column":35}},"7":{"start":{"line":24,"column":2},"end":{"line":24,"column":49}},"8":{"start":{"line":4,"column":0},"end":{"line":4,"column":13}}},"fnMap":{"0":{"name":"(anonymous_0)","decl":{"start":{"line":7,"column":2},"end":{"line":7,"column":7}},"loc":{"start":{"line":7,"column":15},"end":{"line":9,"column":3}}},"1":{"name":"(anonymous_1)","decl":{"start":{"line":11,"column":2},"end":{"line":11,"column":7}},"loc":{"start":{"line":11,"column":25},"end":{"line":13,"column":3}}},"2":{"name":"(anonymous_2)","decl":{"start":{"line":15,"column":0},"end":{"line":15,"column":5}},"loc":{"start":{"line":15,"column":45},"end":{"line":17,"column":1}}},"3":{"name":"(anonymous_3)","decl":{"start":{"line":19,"column":0},"end":{"line":19,"column":5}},"loc":{"start":{"line":19,"column":23},"end":{"line":21,"column":1}}},"4":{"name":"(anonymous_4)","decl":{"start":{"line":23,"column":0},"end":{"line":23,"column":5}},"loc":{"start":{"line":23,"column":24},"end":{"line":25,"column":1}}}},"branchMap":{},"s":{"0":1,"1":1,"2":0,"3":0,"4":0,"5":0,"6":0,"7":0,"8":1},"f":{"0":0,"1":0,"2":0,"3":0,"4":0},"b":{}}
}
